<?xml version="1.0" encoding="UTF-8"?>
<testng-results skipped="0" failed="0" ignored="0" total="1" passed="1">
  <reporter-output>
  </reporter-output>
  <suite name="Regression" duration-ms="7795" started-at="2019-07-04T12:14:54Z" finished-at="2019-07-04T12:15:02Z">
    <groups>
      <group name="cucumber">
        <method signature="AbstractTestNGCucumberTests.feature(cucumber.api.testng.CucumberFeatureWrapper)[pri:0, instance:runner.RunTest@3abbfa04]" name="feature" class="cucumber.api.testng.AbstractTestNGCucumberTests"/>
      </group> <!-- cucumber -->
    </groups>
    <test name="Window" duration-ms="7795" started-at="2019-07-04T12:14:54Z" finished-at="2019-07-04T12:15:02Z">
      <class name="runner.RunTest">
        <test-method status="PASS" signature="setUpClass()[pri:0, instance:runner.RunTest@3abbfa04]" name="setUpClass" is-config="true" duration-ms="220" started-at="2019-07-04T17:44:54Z" finished-at="2019-07-04T17:44:54Z">
          <reporter-output>
          </reporter-output>
        </test-method> <!-- setUpClass -->
        <test-method status="PASS" signature="feature(cucumber.api.testng.CucumberFeatureWrapper)[pri:0, instance:runner.RunTest@3abbfa04]" name="feature" duration-ms="7427" started-at="2019-07-04T17:44:54Z" description="Runs Cucumber Feature" data-provider="features" finished-at="2019-07-04T17:45:02Z">
          <params>
            <param index="0">
              <value>
                <![CDATA[Google Search]]>
              </value>
            </param>
          </params>
          <reporter-output>
          </reporter-output>
        </test-method> <!-- feature -->
        <test-method status="PASS" signature="tearDownClass()[pri:0, instance:runner.RunTest@3abbfa04]" name="tearDownClass" is-config="true" duration-ms="71" started-at="2019-07-04T17:45:02Z" finished-at="2019-07-04T17:45:02Z">
          <reporter-output>
          </reporter-output>
        </test-method> <!-- tearDownClass -->
      </class> <!-- runner.RunTest -->
    </test> <!-- Window -->
  </suite> <!-- Regression -->
</testng-results>
